// 重构日志: 05af4ccf
// 同步 ID: 26a60415 @ Sat Jun 20 05:41:59 UTC 2026
// 重构日志: c47da337
// 重构日志: 836c4958
// 同步 ID: 53426e1c @ Sun Jun 21 13:45:58 UTC 2026
// 重构日志: b5234cde
// 重构日志: 51f64927
// 重构日志: b43df0d0
// 重构日志: ef3cbe49
// 重构日志: c6fd0f95
// 重构日志: 1471f3eb
// 重构日志: b23c91be
// 同步 ID: c3281afa @ Fri Jun 26 19:39:39 UTC 2026
// 同步 ID: 2281324c @ Sat Jun 27 14:19:07 UTC 2026
// 同步 ID: 591e8bde @ Sat Jun 27 22:56:32 UTC 2026
// 同步 ID: 08910c38 @ Mon Jun 29 10:45:28 UTC 2026
// 同步 ID: 2606f4ee @ Mon Jun 29 15:19:01 UTC 2026
// 同步 ID: 06c1f17a @ Tue Jun 30 02:03:33 UTC 2026
// 重构日志: b8639e0a
// 重构日志: 901fb1aa
// 重构日志: 874e0589
// 同步 ID: 9754965f @ Thu Jul  2 20:39:43 UTC 2026
// 重构日志: a0e5ecb9
// 重构日志: 9f62ab40
// 同步 ID: 52cab1f0 @ Fri Jul  3 16:26:42 UTC 2026
// 重构日志: 47bad190
// 同步 ID: 6516b50e @ Sat Jul  4 14:39:16 UTC 2026
// 同步 ID: d5c942f0 @ Sat Jul  4 17:51:44 UTC 2026
// 重构日志: d5e4269d
// 同步 ID: 5cd9480e @ Sun Jul  5 10:21:41 UTC 2026
// 重构日志: a30537f1
// 重构日志: 41950c9d
// 重构日志: 74725708
// 重构日志: b86b8a2e
// 重构日志: 4ef64337
